[debug] [2025-08-14T01:47:42.969Z] ----------------------------------------------------------------------
[debug] [2025-08-14T01:47:42.971Z] Command:       /opt/homebrew/Cellar/node/23.5.0/bin/node /opt/homebrew/bin/firebase init
[debug] [2025-08-14T01:47:42.971Z] CLI Version:   14.12.0
[debug] [2025-08-14T01:47:42.971Z] Platform:      darwin
[debug] [2025-08-14T01:47:42.971Z] Node Version:  v23.5.0
[debug] [2025-08-14T01:47:42.971Z] Time:          Wed Aug 13 2025 21:47:42 GMT-0400 (Eastern Daylight Time)
[debug] [2025-08-14T01:47:42.971Z] ----------------------------------------------------------------------
[debug] 
[debug] [2025-08-14T01:47:43.058Z] Object "" in "firebase.json" has unknown property: {"additionalProperty":"projects"}
[debug] [2025-08-14T01:47:43.060Z] > command requires scopes: ["email","openid","https://www.googleapis.com/auth/cloudplatformprojects.readonly","https://www.googleapis.com/auth/firebase","https://www.googleapis.com/auth/cloud-platform"]
[debug] [2025-08-14T01:47:43.060Z] > authorizing via signed-in user (panna07@gmail.com)
[debug] [2025-08-14T01:47:43.060Z] Object "" in "firebase.json" has unknown property: {"additionalProperty":"projects"}
[info] 
     ######## #### ########  ######## ########     ###     ######  ########
     ##        ##  ##     ## ##       ##     ##  ##   ##  ##       ##
     ######    ##  ########  ######   ########  #########  ######  ######
     ##        ##  ##    ##  ##       ##     ## ##     ##       ## ##
     ##       #### ##     ## ######## ########  ##     ##  ######  ########

You're about to initialize a Firebase project in this directory:

  /Users/College/projects/inventory

Before we get started, keep in mind:

  * You are initializing within an existing Firebase project directory

[info] 
=== Project Setup
[info] 
[info] First, let's associate this project directory with a Firebase project.
[info] You can create multiple project aliases by running firebase use --add, 
[info] but for now we'll just set up a default project.
[info] 
[debug] [2025-08-14T01:48:43.512Z] Checked if tokens are valid: false, expires at: 1755132590224
[debug] [2025-08-14T01:48:43.513Z] Checked if tokens are valid: false, expires at: 1755132590224
[debug] [2025-08-14T01:48:43.513Z] > refreshing access token with scopes: []
[debug] [2025-08-14T01:48:43.516Z] >>> [apiv2][query] POST https://www.googleapis.com/oauth2/v3/token [none]
[debug] [2025-08-14T01:48:43.516Z] >>> [apiv2][body] POST https://www.googleapis.com/oauth2/v3/token [omitted]
[debug] [2025-08-14T01:48:43.835Z] <<< [apiv2][status] POST https://www.googleapis.com/oauth2/v3/token 200
[debug] [2025-08-14T01:48:43.835Z] <<< [apiv2][body] POST https://www.googleapis.com/oauth2/v3/token [omitted]
[debug] [2025-08-14T01:48:43.870Z] >>> [apiv2][query] GET https://firebase.googleapis.com/v1beta1/projects pageSize=100
[debug] [2025-08-14T01:48:44.300Z] <<< [apiv2][status] GET https://firebase.googleapis.com/v1beta1/projects 200
[debug] [2025-08-14T01:48:44.300Z] <<< [apiv2][body] GET https://firebase.googleapis.com/v1beta1/projects [omitted]
[debug] [2025-08-14T01:49:02.732Z] ExitPromptError: User force closed the prompt with SIGINT
    at Interface.sigint (/opt/homebrew/lib/node_modules/firebase-tools/node_modules/@inquirer/core/dist/commonjs/lib/create-prompt.js:101:37)
    at Interface.emit (node:events:513:28)
    at Interface.emit (node:domain:489:12)
    at [_ttyWrite] [as _ttyWrite] (node:internal/readline/interface:1125:18)
    at ReadStream.onkeypress (node:internal/readline/interface:264:20)
    at ReadStream.emit (node:events:525:35)
    at ReadStream.emit (node:domain:489:12)
    at emitKeys (node:internal/readline/utils:370:14)
    at emitKeys.next (<anonymous>)
    at ReadStream.onData (node:internal/readline/emitKeypressEvents:64:36)
[error] 
[error] Error: An unexpected error has occurred.
[debug] [2025-08-14T01:49:15.244Z] ----------------------------------------------------------------------
[debug] [2025-08-14T01:49:15.245Z] Command:       /opt/homebrew/Cellar/node/23.5.0/bin/node /opt/homebrew/bin/firebase init
[debug] [2025-08-14T01:49:15.245Z] CLI Version:   14.12.0
[debug] [2025-08-14T01:49:15.245Z] Platform:      darwin
[debug] [2025-08-14T01:49:15.246Z] Node Version:  v23.5.0
[debug] [2025-08-14T01:49:15.246Z] Time:          Wed Aug 13 2025 21:49:15 GMT-0400 (Eastern Daylight Time)
[debug] [2025-08-14T01:49:15.246Z] ----------------------------------------------------------------------
[debug] 
[debug] [2025-08-14T01:49:15.337Z] Object "" in "firebase.json" has unknown property: {"additionalProperty":"projects"}
[debug] [2025-08-14T01:49:15.339Z] > command requires scopes: ["email","openid","https://www.googleapis.com/auth/cloudplatformprojects.readonly","https://www.googleapis.com/auth/firebase","https://www.googleapis.com/auth/cloud-platform"]
[debug] [2025-08-14T01:49:15.339Z] > authorizing via signed-in user (panna07@gmail.com)
[debug] [2025-08-14T01:49:15.339Z] Object "" in "firebase.json" has unknown property: {"additionalProperty":"projects"}
[info] 
     ######## #### ########  ######## ########     ###     ######  ########
     ##        ##  ##     ## ##       ##     ##  ##   ##  ##       ##
     ######    ##  ########  ######   ########  #########  ######  ######
     ##        ##  ##    ##  ##       ##     ## ##     ##       ## ##
     ##       #### ##     ## ######## ########  ##     ##  ######  ########

You're about to initialize a Firebase project in this directory:

  /Users/College/projects/inventory

Before we get started, keep in mind:

  * You are initializing within an existing Firebase project directory

[info] 
=== Project Setup
[info] 
[info] First, let's associate this project directory with a Firebase project.
[info] You can create multiple project aliases by running firebase use --add, 
[info] but for now we'll just set up a default project.
[info] 
[info] i  If you want to create a project in a Google Cloud organization or folder, please use "firebase projects:create" instead, and return to this command when you've created the project. 
[debug] [2025-08-14T01:50:09.802Z] Checked if tokens are valid: true, expires at: 1755139722835
[debug] [2025-08-14T01:50:09.803Z] Checked if tokens are valid: true, expires at: 1755139722835
[debug] [2025-08-14T01:50:09.805Z] >>> [apiv2][query] POST https://firebase.googleapis.com/v1/projects:checkProjectId [none]
[debug] [2025-08-14T01:50:09.805Z] >>> [apiv2][body] POST https://firebase.googleapis.com/v1/projects:checkProjectId {"proposedId":"inventory-us"}
[debug] [2025-08-14T01:50:10.174Z] <<< [apiv2][status] POST https://firebase.googleapis.com/v1/projects:checkProjectId 200
[debug] [2025-08-14T01:50:10.175Z] <<< [apiv2][body] POST https://firebase.googleapis.com/v1/projects:checkProjectId {"projectIdStatus":"PROJECT_ID_UNAVAILABLE","suggestedProjectId":"inventory-us-1913a"}
[debug] [2025-08-14T01:50:49.514Z] ExitPromptError: User force closed the prompt with SIGINT
    at Interface.sigint (/opt/homebrew/lib/node_modules/firebase-tools/node_modules/@inquirer/core/dist/commonjs/lib/create-prompt.js:101:37)
    at Interface.emit (node:events:513:28)
    at Interface.emit (node:domain:489:12)
    at [_ttyWrite] [as _ttyWrite] (node:internal/readline/interface:1125:18)
    at ReadStream.onkeypress (node:internal/readline/interface:264:20)
    at ReadStream.emit (node:events:525:35)
    at ReadStream.emit (node:domain:489:12)
    at emitKeys (node:internal/readline/utils:370:14)
    at emitKeys.next (<anonymous>)
    at ReadStream.onData (node:internal/readline/emitKeypressEvents:64:36)
[error] 
[error] Error: An unexpected error has occurred.
